SF:lib/src/coingecko_api_client.dart
DA:7,2
DA:11,1
DA:12,1
DA:17,2
DA:18,2
DA:19,1
DA:21,2
DA:22,1
DA:23,1
DA:28,1
DA:30,1
DA:32,1
DA:34,1
DA:36,1
DA:39,1
LF:15
LH:15
end_of_record
SF:lib/src/models/coingecko_exception.dart
DA:7,2
DA:9,4
DA:11,2
DA:18,2
DA:23,4
DA:25,2
LF:6
LH:6
end_of_record
SF:lib/src/models/coingecko_exception.g.dart
DA:9,2
DA:10,2
DA:11,4
DA:14,1
DA:15,1
DA:16,2
DA:19,4
DA:20,2
DA:21,2
DA:24,2
DA:25,1
DA:26,1
LF:12
LH:12
end_of_record
SF:lib/src/models/coins_list.dart
DA:7,2
DA:9,6
DA:11,3
DA:18,2
DA:47,4
DA:49,2
DA:98,2
DA:104,4
DA:106,2
LF:9
LH:9
end_of_record
SF:lib/src/models/coins_list.g.dart
DA:9,4
DA:10,2
DA:11,6
DA:12,2
DA:15,2
DA:16,5
DA:19,4
DA:20,2
DA:21,2
DA:22,2
DA:23,2
DA:24,4
DA:25,4
DA:26,4
DA:28,4
DA:29,4
DA:30,4
DA:31,4
DA:32,4
DA:34,4
DA:35,4
DA:37,4
DA:38,4
DA:39,4
DA:40,4
DA:41,4
DA:42,4
DA:43,2
DA:44,4
DA:45,4
DA:46,2
DA:47,2
DA:49,4
DA:50,2
DA:53,2
DA:54,1
DA:55,1
DA:56,1
DA:57,1
DA:58,1
DA:59,1
DA:60,1
DA:61,1
DA:62,1
DA:63,1
DA:64,1
DA:65,1
DA:66,1
DA:67,1
DA:69,1
DA:70,1
DA:71,1
DA:72,1
DA:73,1
DA:74,1
DA:75,1
DA:76,1
DA:77,1
DA:78,1
DA:79,2
DA:80,1
DA:83,4
DA:84,4
DA:85,2
DA:86,4
DA:89,2
DA:90,1
DA:91,1
DA:92,1
LF:69
LH:69
end_of_record
