SF:lib/src/coingecko_api_client.dart
DA:7,2
DA:11,1
DA:12,1
DA:17,2
DA:18,2
DA:19,1
DA:21,2
DA:22,1
DA:23,1
DA:28,1
DA:30,1
DA:32,1
DA:34,2
DA:36,1
DA:39,1
LF:15
LH:15
end_of_record
SF:lib/src/models/coingecko_exception.dart
DA:7,2
DA:9,4
DA:11,2
DA:18,2
DA:22,4
DA:24,2
LF:6
LH:6
end_of_record
SF:lib/src/models/coingecko_exception.g.dart
DA:9,2
DA:10,2
DA:11,4
DA:14,1
DA:15,1
DA:16,2
DA:19,4
DA:20,2
DA:21,2
DA:24,2
DA:25,1
DA:26,1
LF:12
LH:12
end_of_record
SF:lib/src/models/coins_list.dart
DA:7,2
DA:9,4
DA:11,4
DA:18,2
DA:47,4
DA:49,4
DA:98,2
DA:104,4
DA:106,4
LF:9
LH:9
end_of_record
SF:lib/src/models/coins_list.g.dart
DA:9,4
DA:10,2
DA:11,6
DA:12,2
DA:15,4
DA:16,10
DA:19,4
DA:20,2
DA:21,2
DA:22,2
DA:23,2
DA:24,4
DA:25,4
DA:26,4
DA:28,4
DA:29,4
DA:30,4
DA:31,4
DA:32,4
DA:34,4
DA:35,4
DA:37,4
DA:38,4
DA:39,4
DA:40,4
DA:41,4
DA:42,4
DA:43,2
DA:44,4
DA:45,4
DA:46,2
DA:47,2
DA:49,4
DA:50,2
DA:53,4
DA:54,2
DA:55,2
DA:56,2
DA:57,2
DA:58,2
DA:59,2
DA:60,2
DA:61,2
DA:62,2
DA:63,2
DA:64,2
DA:65,2
DA:66,2
DA:67,2
DA:69,2
DA:70,2
DA:71,2
DA:72,2
DA:73,2
DA:74,2
DA:75,2
DA:76,2
DA:77,2
DA:78,2
DA:79,4
DA:80,2
DA:83,4
DA:84,4
DA:85,2
DA:86,4
DA:89,4
DA:90,2
DA:91,2
DA:92,2
LF:69
LH:69
end_of_record
