SF:lib/coins_info/cubit/coins_info_state.dart
DA:7,1
DA:10,1
DA:15,1
DA:19,1
DA:20,1
DA:21,1
DA:25,2
DA:27,2
DA:29,1
DA:30,3
LF:10
LH:10
end_of_record
SF:lib/coins_info/cubit/coins_info_cubit.dart
DA:11,3
DA:15,1
DA:16,3
DA:18,1
DA:19,2
DA:21,1
DA:22,2
DA:27,1
DA:28,3
DA:32,1
DA:33,1
DA:35,1
DA:36,1
LF:13
LH:13
end_of_record
SF:lib/coins_info/cubit/coins_info_cubit.g.dart
DA:9,1
DA:10,1
DA:11,2
DA:13,1
DA:15,2
DA:18,1
DA:19,1
DA:20,2
DA:21,2
LF:9
LH:9
end_of_record
SF:lib/coins_info/models/coins_list.dart
DA:9,1
DA:11,1
DA:12,1
DA:13,1
DA:14,1
DA:15,1
DA:16,2
DA:17,1
DA:18,1
DA:19,1
DA:20,1
DA:21,1
DA:24,1
DA:28,3
DA:29,1
DA:33,2
DA:35,2
DA:40,1
DA:41,3
DA:46,2
DA:60,2
DA:62,2
DA:64,1
DA:65,6
LF:24
LH:24
end_of_record
SF:lib/coins_info/models/coins_list.g.dart
DA:9,2
DA:10,2
DA:11,1
DA:12,3
DA:13,1
DA:16,2
DA:17,2
DA:18,5
DA:21,2
DA:22,1
DA:23,1
DA:24,1
DA:25,1
DA:26,2
DA:29,2
DA:30,1
DA:31,1
DA:32,1
DA:33,1
DA:34,1
LF:20
LH:20
end_of_record
